<?xml version="1.0" encoding="UTF-8" ?>
<testsuites>
 <testsuite name="angularjs homepage" timestamp="2017-07-16T19:36:41" hostname="localhost" time="0.008" errors="0" tests="2" skipped="1" disabled="0" failures="1">
  <testcase classname="angularjs homepage" name="test1 @smoke" time="0.006">
   <failure type="exception" message="Failed: =&gt; marked PendingForce skip"><![CDATA[Error: Failed: => marked PendingForce skip
    at stack (/Users/wenlaizhang/Desktop/gulp-jasmine-protractor/node_modules/jasmine-core/lib/jasmine-core/jasmine.js:2176:17)
    at buildExpectationResult (/Users/wenlaizhang/Desktop/gulp-jasmine-protractor/node_modules/jasmine-core/lib/jasmine-core/jasmine.js:2146:14)
    at Spec.expectationResultFactory (/Users/wenlaizhang/Desktop/gulp-jasmine-protractor/node_modules/jasmine-core/lib/jasmine-core/jasmine.js:766:18)
    at Spec.addExpectationResult (/Users/wenlaizhang/Desktop/gulp-jasmine-protractor/node_modules/jasmine-core/lib/jasmine-core/jasmine.js:444:34)
    at Env.fail (/Users/wenlaizhang/Desktop/gulp-jasmine-protractor/node_modules/jasmine-core/lib/jasmine-core/jasmine.js:1172:25)
    at Function.next.fail (/Users/wenlaizhang/Desktop/gulp-jasmine-protractor/node_modules/jasmine-core/lib/jasmine-core/jasmine.js:3930:19)
    at /Users/wenlaizhang/Desktop/gulp-jasmine-protractor/node_modules/jasminewd2/index.js:64:48
    at ControlFlow.emit (/Users/wenlaizhang/Desktop/gulp-jasmine-protractor/node_modules/selenium-webdriver/lib/events.js:62:21)
    at ControlFlow.shutdown_ (/Users/wenlaizhang/Desktop/gulp-jasmine-protractor/node_modules/selenium-webdriver/lib/promise.js:2565:10)
    at shutdownTask_.MicroTask (/Users/wenlaizhang/Desktop/gulp-jasmine-protractor/node_modules/selenium-webdriver/lib/promise.js:2490:53)]]>
   </failure>
  </testcase>
  <testcase classname="angularjs homepage" name="test2" time="0">
   <skipped />
  </testcase>
 </testsuite>
</testsuites>